Flow report for HelloQsys
Thu May 02 23:23:31 2019
Quartus Prime Version 18.0.0 Build 614 04/24/2018 SJ Lite Edition


---------------------
; Table of Contents ;
---------------------
  1. Legal Notice
  2. Flow Summary
  3. Flow Settings
  4. Flow Non-Default Global Settings
  5. Flow Elapsed Time
  6. Flow OS Summary
  7. Flow Log
  8. Flow Messages
  9. Flow Suppressed Messages



----------------
; Legal Notice ;
----------------
Copyright (C) 2018  Intel Corporation. All rights reserved.
Your use of Intel Corporation's design tools, logic functions 
and other software and tools, and its AMPP partner logic 
functions, and any output files from any of the foregoing 
(including device programming or simulation files), and any 
associated documentation or information are expressly subject 
to the terms and conditions of the Intel Program License 
Subscription Agreement, the Intel Quartus Prime License Agreement,
the Intel FPGA IP License Agreement, or other applicable license
agreement, including, without limitation, that your use is for
the sole purpose of programming logic devices manufactured by
Intel and sold by Intel or its authorized distributors.  Please
refer to the applicable agreement for further details.



+-------------------------------------------------------------------------------+
; Flow Summary                                                                  ;
+---------------------------------+---------------------------------------------+
; Flow Status                     ; Successful - Thu May 02 23:23:31 2019       ;
; Quartus Prime Version           ; 18.0.0 Build 614 04/24/2018 SJ Lite Edition ;
; Revision Name                   ; HelloQsys                                   ;
; Top-level Entity Name           ; taller                                      ;
; Family                          ; Cyclone V                                   ;
; Device                          ; 5CSEMA5F31C6                                ;
; Timing Models                   ; Final                                       ;
; Logic utilization (in ALMs)     ; 877 / 32,070 ( 3 % )                        ;
; Total registers                 ; 1254                                        ;
; Total pins                      ; 43 / 457 ( 9 % )                            ;
; Total virtual pins              ; 0                                           ;
; Total block memory bits         ; 142,336 / 4,065,280 ( 4 % )                 ;
; Total DSP Blocks                ; 0 / 87 ( 0 % )                              ;
; Total HSSI RX PCSs              ; 0                                           ;
; Total HSSI PMA RX Deserializers ; 0                                           ;
; Total HSSI TX PCSs              ; 0                                           ;
; Total HSSI PMA TX Serializers   ; 0                                           ;
; Total PLLs                      ; 0 / 6 ( 0 % )                               ;
; Total DLLs                      ; 0 / 4 ( 0 % )                               ;
+---------------------------------+---------------------------------------------+


+-----------------------------------------+
; Flow Settings                           ;
+-------------------+---------------------+
; Option            ; Setting             ;
+-------------------+---------------------+
; Start date & time ; 05/02/2019 22:04:41 ;
; Main task         ; Compilation         ;
; Revision Name     ; HelloQsys           ;
+-------------------+---------------------+


+-------------------------------------------------------------------------------------------------------------------------------------------+
; Flow Non-Default Global Settings                                                                                                          ;
+-------------------------------------+----------------------------------------------------------+---------------+-------------+------------+
; Assignment Name                     ; Value                                                    ; Default Value ; Entity Name ; Section Id ;
+-------------------------------------+----------------------------------------------------------+---------------+-------------+------------+
; COMPILER_SIGNATURE_ID               ; 115410743608714.155685628011004                          ; --            ; --          ; --         ;
; MISC_FILE                           ; taller/synthesis/../taller.cmp                           ; --            ; --          ; --         ;
; MISC_FILE                           ; taller/synthesis/../../taller.qsys                       ; --            ; --          ; --         ;
; PARTITION_COLOR                     ; -- (Not supported for targeted family)                   ; --            ; taller      ; Top        ;
; PARTITION_FITTER_PRESERVATION_LEVEL ; -- (Not supported for targeted family)                   ; --            ; taller      ; Top        ;
; PARTITION_NETLIST_TYPE              ; -- (Not supported for targeted family)                   ; --            ; taller      ; Top        ;
; PROJECT_OUTPUT_DIRECTORY            ; output_files                                             ; --            ; --          ; --         ;
; SLD_FILE                            ; taller/synthesis/taller.regmap                           ; --            ; --          ; --         ;
; SLD_FILE                            ; taller/synthesis/taller.debuginfo                        ; --            ; --          ; --         ;
; SLD_INFO                            ; QSYS_NAME taller HAS_SOPCINFO 1 GENERATION_ID 1556855942 ; --            ; taller      ; --         ;
; SOPCINFO_FILE                       ; taller/synthesis/../../taller.sopcinfo                   ; --            ; --          ; --         ;
; SYNTHESIS_ONLY_QIP                  ; On                                                       ; --            ; --          ; --         ;
; TOP_LEVEL_ENTITY                    ; taller                                                   ; HelloQsys     ; --          ; --         ;
+-------------------------------------+----------------------------------------------------------+---------------+-------------+------------+


+--------------------------------------------------------------------------------------------------------------------------+
; Flow Elapsed Time                                                                                                        ;
+----------------------+--------------+-------------------------+---------------------+------------------------------------+
; Module Name          ; Elapsed Time ; Average Processors Used ; Peak Virtual Memory ; Total CPU Time (on all processors) ;
+----------------------+--------------+-------------------------+---------------------+------------------------------------+
; Analysis & Synthesis ; 00:00:45     ; 1.0                     ; 5007 MB             ; 00:01:18                           ;
; Fitter               ; 00:01:37     ; 1.1                     ; 6311 MB             ; 00:02:51                           ;
; Assembler            ; 00:00:12     ; 1.0                     ; 4868 MB             ; 00:00:10                           ;
; Timing Analyzer      ; 00:00:16     ; 1.3                     ; 5192 MB             ; 00:00:18                           ;
; Power Analyzer       ; 00:00:18     ; 1.1                     ; 5303 MB             ; 00:00:15                           ;
; Total                ; 00:03:08     ; --                      ; --                  ; 00:04:52                           ;
+----------------------+--------------+-------------------------+---------------------+------------------------------------+


+------------------------------------------------------------------------------------+
; Flow OS Summary                                                                    ;
+----------------------+------------------+------------+------------+----------------+
; Module Name          ; Machine Hostname ; OS Name    ; OS Version ; Processor type ;
+----------------------+------------------+------------+------------+----------------+
; Analysis & Synthesis ; DESKTOP-059I8H7  ; Windows 10 ; 10.0       ; x86_64         ;
; Fitter               ; DESKTOP-059I8H7  ; Windows 10 ; 10.0       ; x86_64         ;
; Assembler            ; DESKTOP-059I8H7  ; Windows 10 ; 10.0       ; x86_64         ;
; Timing Analyzer      ; DESKTOP-059I8H7  ; Windows 10 ; 10.0       ; x86_64         ;
; Power Analyzer       ; DESKTOP-059I8H7  ; Windows 10 ; 10.0       ; x86_64         ;
+----------------------+------------------+------------+------------+----------------+


------------
; Flow Log ;
------------
quartus_map --read_settings_files=on --write_settings_files=off HelloQsys -c HelloQsys
quartus_fit --read_settings_files=off --write_settings_files=off HelloQsys -c HelloQsys
quartus_asm --read_settings_files=off --write_settings_files=off HelloQsys -c HelloQsys
quartus_sta HelloQsys -c HelloQsys
quartus_eda --read_settings_files=on --write_settings_files=off HelloQsys -c HelloQsys
quartus_pow --read_settings_files=on --write_settings_files=off HelloQsys -c HelloQsys



